[2025-04-14T22:04:20.816Z] Error [TokenInvalid]: An invalid token was provided.
    at Client.login (C:\Users\Sony\Desktop\CisuBOT\node_modules\discord.js\src\client\Client.js:216:52)
    at Object.<anonymous> (C:\Users\Sony\Desktop\CisuBOT\index.js:41:8)
    at Module._compile (node:internal/modules/cjs/loader:1554:14)
    at Object..js (node:internal/modules/cjs/loader:1706:10)
    at Module.load (node:internal/modules/cjs/loader:1289:32)
    at Function._load (node:internal/modules/cjs/loader:1108:12)
    at TracingChannel.traceSync (node:diagnostics_channel:322:14)
    at wrapModuleLoad (node:internal/modules/cjs/loader:220:24)
    at Function.executeUserEntryPoint [as runMain] (node:internal/modules/run_main:170:5)
    at node:internal/main/run_main_module:36:49
[2025-04-14T22:43:44.846Z] C:\Users\Sony\Desktop\CisuBOT\commands\help.js:149
    Client,
    ^

SyntaxError: Identifier 'Client' has already been declared
    at wrapSafe (node:internal/modules/cjs/loader:1486:18)
    at Module._compile (node:internal/modules/cjs/loader:1528:20)
    at Object..js (node:internal/modules/cjs/loader:1706:10)
    at Module.load (node:internal/modules/cjs/loader:1289:32)
    at Function._load (node:internal/modules/cjs/loader:1108:12)
    at TracingChannel.traceSync (node:diagnostics_channel:322:14)
    at wrapModuleLoad (node:internal/modules/cjs/loader:220:24)
    at Module.require (node:internal/modules/cjs/loader:1311:12)
    at require (node:internal/modules/helpers:136:16)
    at Object.<anonymous> (C:\Users\Sony\Desktop\CisuBOT\index.js:24:21)
[2025-04-14T22:44:13.927Z] C:\Users\Sony\Desktop\CisuBOT\commands\help.js:135
  const fs = require("fs");
        ^

SyntaxError: Identifier 'fs' has already been declared
    at wrapSafe (node:internal/modules/cjs/loader:1486:18)
    at Module._compile (node:internal/modules/cjs/loader:1528:20)
    at Object..js (node:internal/modules/cjs/loader:1706:10)
    at Module.load (node:internal/modules/cjs/loader:1289:32)
    at Function._load (node:internal/modules/cjs/loader:1108:12)
    at TracingChannel.traceSync (node:diagnostics_channel:322:14)
    at wrapModuleLoad (node:internal/modules/cjs/loader:220:24)
    at Module.require (node:internal/modules/cjs/loader:1311:12)
    at require (node:internal/modules/helpers:136:16)
    at Object.<anonymous> (C:\Users\Sony\Desktop\CisuBOT\index.js:24:21)
[2025-04-14T22:44:24.780Z] ReferenceError: SlashCommandBuilder is not defined
    at Object.<anonymous> (C:\Users\Sony\Desktop\CisuBOT\commands\help.js:6:15)
    at Module._compile (node:internal/modules/cjs/loader:1554:14)
    at Object..js (node:internal/modules/cjs/loader:1706:10)
    at Module.load (node:internal/modules/cjs/loader:1289:32)
    at Function._load (node:internal/modules/cjs/loader:1108:12)
    at TracingChannel.traceSync (node:diagnostics_channel:322:14)
    at wrapModuleLoad (node:internal/modules/cjs/loader:220:24)
    at Module.require (node:internal/modules/cjs/loader:1311:12)
    at require (node:internal/modules/helpers:136:16)
    at Object.<anonymous> (C:\Users\Sony\Desktop\CisuBOT\index.js:24:21)
[2025-04-14T22:57:33.929Z] ReferenceError: client is not defined
    at Object.<anonymous> (C:\Users\Sony\Desktop\CisuBOT\events\interactionCreate.js:12:1)
    at Module._compile (node:internal/modules/cjs/loader:1554:14)
    at Object..js (node:internal/modules/cjs/loader:1706:10)
    at Module.load (node:internal/modules/cjs/loader:1289:32)
    at Function._load (node:internal/modules/cjs/loader:1108:12)
    at TracingChannel.traceSync (node:diagnostics_channel:322:14)
    at wrapModuleLoad (node:internal/modules/cjs/loader:220:24)
    at Module.require (node:internal/modules/cjs/loader:1311:12)
    at require (node:internal/modules/helpers:136:16)
    at Object.<anonymous> (C:\Users\Sony\Desktop\CisuBOT\index.js:32:19)
[2025-04-14T22:58:23.711Z] ReferenceError: Discord is not defined
    at Object.<anonymous> (C:\Users\Sony\Desktop\CisuBOT\events\interactionCreate.js:3:16)
    at Module._compile (node:internal/modules/cjs/loader:1554:14)
    at Object..js (node:internal/modules/cjs/loader:1706:10)
    at Module.load (node:internal/modules/cjs/loader:1289:32)
    at Function._load (node:internal/modules/cjs/loader:1108:12)
    at TracingChannel.traceSync (node:diagnostics_channel:322:14)
    at wrapModuleLoad (node:internal/modules/cjs/loader:220:24)
    at Module.require (node:internal/modules/cjs/loader:1311:12)
    at require (node:internal/modules/helpers:136:16)
    at Object.<anonymous> (C:\Users\Sony\Desktop\CisuBOT\index.js:32:19)
[2025-04-14T23:34:05.288Z] ReferenceError: Discord is not defined
    at Object.<anonymous> (C:\Users\Sony\Desktop\CisuBOT\events\interactionCreate.js:3:16)
    at Module._compile (node:internal/modules/cjs/loader:1554:14)
    at Object..js (node:internal/modules/cjs/loader:1706:10)
    at Module.load (node:internal/modules/cjs/loader:1289:32)
    at Function._load (node:internal/modules/cjs/loader:1108:12)
    at TracingChannel.traceSync (node:diagnostics_channel:322:14)
    at wrapModuleLoad (node:internal/modules/cjs/loader:220:24)
    at Module.require (node:internal/modules/cjs/loader:1311:12)
    at require (node:internal/modules/helpers:136:16)
    at Object.<anonymous> (C:\Users\Sony\Desktop\CisuBOT\index.js:32:19)
[2025-04-14T23:34:30.404Z] ReferenceError: Discord is not defined
    at Object.<anonymous> (C:\Users\Sony\Desktop\CisuBOT\events\interactionCreate.js:3:16)
    at Module._compile (node:internal/modules/cjs/loader:1554:14)
    at Object..js (node:internal/modules/cjs/loader:1706:10)
    at Module.load (node:internal/modules/cjs/loader:1289:32)
    at Function._load (node:internal/modules/cjs/loader:1108:12)
    at TracingChannel.traceSync (node:diagnostics_channel:322:14)
    at wrapModuleLoad (node:internal/modules/cjs/loader:220:24)
    at Module.require (node:internal/modules/cjs/loader:1311:12)
    at require (node:internal/modules/helpers:136:16)
    at Object.<anonymous> (C:\Users\Sony\Desktop\CisuBOT\index.js:32:19)
[2025-04-14T23:35:15.398Z] ReferenceError: ActivityType is not defined
    at setBotActivities (C:\Users\Sony\Desktop\CisuBOT\index.js:42:15)
    at Client.<anonymous> (C:\Users\Sony\Desktop\CisuBOT\index.js:68:3)
    at Client.emit (node:events:530:35)
    at WebSocketManager.triggerClientReady (C:\Users\Sony\Desktop\CisuBOT\node_modules\discord.js\src\client\websocket\WebSocketManager.js:381:17)
    at WebSocketManager.checkShardsReady (C:\Users\Sony\Desktop\CisuBOT\node_modules\discord.js\src\client\websocket\WebSocketManager.js:364:10)
    at WebSocketShard.<anonymous> (C:\Users\Sony\Desktop\CisuBOT\node_modules\discord.js\src\client\websocket\WebSocketManager.js:194:16)
    at WebSocketShard.emit (node:events:518:28)
    at WebSocketShard.checkReady (C:\Users\Sony\Desktop\CisuBOT\node_modules\discord.js\src\client\websocket\WebSocketShard.js:184:12)
    at WebSocketShard.gotGuild (C:\Users\Sony\Desktop\CisuBOT\node_modules\discord.js\src\client\websocket\WebSocketShard.js:158:10)
    at WebSocketManager.<anonymous> (C:\Users\Sony\Desktop\CisuBOT\node_modules\discord.js\src\client\websocket\WebSocketManager.js:234:15)
[2025-04-19T17:52:52.525Z] Error: Cannot find module '../utils/getRandomColor'
Require stack:
- C:\Users\Sony\Desktop\CisuBOT\commands\help.js
- C:\Users\Sony\Desktop\CisuBOT\index.js
    at Function._resolveFilename (node:internal/modules/cjs/loader:1225:15)
    at Function._load (node:internal/modules/cjs/loader:1055:27)
    at TracingChannel.traceSync (node:diagnostics_channel:322:14)
    at wrapModuleLoad (node:internal/modules/cjs/loader:220:24)
    at Module.require (node:internal/modules/cjs/loader:1311:12)
    at require (node:internal/modules/helpers:136:16)
    at Object.<anonymous> (C:\Users\Sony\Desktop\CisuBOT\commands\help.js:1:24)
    at Module._compile (node:internal/modules/cjs/loader:1554:14)
    at Object..js (node:internal/modules/cjs/loader:1706:10)
    at Module.load (node:internal/modules/cjs/loader:1289:32)
[2025-04-19T17:53:51.216Z] Error: Cannot find module '../utils/getRandomColor'
Require stack:
- C:\Users\Sony\Desktop\CisuBOT\commands\help.js
- C:\Users\Sony\Desktop\CisuBOT\index.js
    at Function._resolveFilename (node:internal/modules/cjs/loader:1225:15)
    at Function._load (node:internal/modules/cjs/loader:1055:27)
    at TracingChannel.traceSync (node:diagnostics_channel:322:14)
    at wrapModuleLoad (node:internal/modules/cjs/loader:220:24)
    at Module.require (node:internal/modules/cjs/loader:1311:12)
    at require (node:internal/modules/helpers:136:16)
    at Object.<anonymous> (C:\Users\Sony\Desktop\CisuBOT\commands\help.js:1:24)
    at Module._compile (node:internal/modules/cjs/loader:1554:14)
    at Object..js (node:internal/modules/cjs/loader:1706:10)
    at Module.load (node:internal/modules/cjs/loader:1289:32)
[2025-04-20T04:12:34.867Z] Error: Cannot find module 'quick.db'
Require stack:
- C:\Users\Sony\Desktop\CisuBOT\commands\botinfo.js
- C:\Users\Sony\Desktop\CisuBOT\index.js
    at Function._resolveFilename (node:internal/modules/cjs/loader:1225:15)
    at Function._load (node:internal/modules/cjs/loader:1055:27)
    at TracingChannel.traceSync (node:diagnostics_channel:322:14)
    at wrapModuleLoad (node:internal/modules/cjs/loader:220:24)
    at Module.require (node:internal/modules/cjs/loader:1311:12)
    at require (node:internal/modules/helpers:136:16)
    at Object.<anonymous> (C:\Users\Sony\Desktop\CisuBOT\commands\botinfo.js:1:12)
    at Module._compile (node:internal/modules/cjs/loader:1554:14)
    at Object..js (node:internal/modules/cjs/loader:1706:10)
    at Module.load (node:internal/modules/cjs/loader:1289:32)
[2025-04-20T04:12:57.991Z] Error: Cannot find module '../../package.json'
Require stack:
- C:\Users\Sony\Desktop\CisuBOT\commands\botinfo.js
- C:\Users\Sony\Desktop\CisuBOT\index.js
    at Function._resolveFilename (node:internal/modules/cjs/loader:1225:15)
    at Function._load (node:internal/modules/cjs/loader:1055:27)
    at TracingChannel.traceSync (node:diagnostics_channel:322:14)
    at wrapModuleLoad (node:internal/modules/cjs/loader:220:24)
    at Module.require (node:internal/modules/cjs/loader:1311:12)
    at require (node:internal/modules/helpers:136:16)
    at Object.<anonymous> (C:\Users\Sony\Desktop\CisuBOT\commands\botinfo.js:3:21)
    at Module._compile (node:internal/modules/cjs/loader:1554:14)
    at Object..js (node:internal/modules/cjs/loader:1706:10)
    at Module.load (node:internal/modules/cjs/loader:1289:32)
[2025-04-20T04:13:10.278Z] Error: Cannot find module 'pretty-ms'
Require stack:
- C:\Users\Sony\Desktop\CisuBOT\commands\botinfo.js
- C:\Users\Sony\Desktop\CisuBOT\index.js
    at Function._resolveFilename (node:internal/modules/cjs/loader:1225:15)
    at Function._load (node:internal/modules/cjs/loader:1055:27)
    at TracingChannel.traceSync (node:diagnostics_channel:322:14)
    at wrapModuleLoad (node:internal/modules/cjs/loader:220:24)
    at Module.require (node:internal/modules/cjs/loader:1311:12)
    at require (node:internal/modules/helpers:136:16)
    at Object.<anonymous> (C:\Users\Sony\Desktop\CisuBOT\commands\botinfo.js:3:12)
    at Module._compile (node:internal/modules/cjs/loader:1554:14)
    at Object..js (node:internal/modules/cjs/loader:1706:10)
    at Module.load (node:internal/modules/cjs/loader:1289:32)
[2025-04-20T06:34:13.375Z] ReferenceError: client is not defined
    at Object.<anonymous> (C:\Users\Sony\Desktop\CisuBOT\events\ready.js:7:3)
    at Module._compile (node:internal/modules/cjs/loader:1554:14)
    at Object..js (node:internal/modules/cjs/loader:1706:10)
    at Module.load (node:internal/modules/cjs/loader:1289:32)
    at Function._load (node:internal/modules/cjs/loader:1108:12)
    at TracingChannel.traceSync (node:diagnostics_channel:322:14)
    at wrapModuleLoad (node:internal/modules/cjs/loader:220:24)
    at Module.require (node:internal/modules/cjs/loader:1311:12)
    at require (node:internal/modules/helpers:136:16)
    at Object.<anonymous> (C:\Users\Sony\Desktop\CisuBOT\index.js:33:19)
[2025-04-20T06:34:45.021Z] ReferenceError: Discord is not defined
    at Object.<anonymous> (C:\Users\Sony\Desktop\CisuBOT\events\ready.js:1:16)
    at Module._compile (node:internal/modules/cjs/loader:1554:14)
    at Object..js (node:internal/modules/cjs/loader:1706:10)
    at Module.load (node:internal/modules/cjs/loader:1289:32)
    at Function._load (node:internal/modules/cjs/loader:1108:12)
    at TracingChannel.traceSync (node:diagnostics_channel:322:14)
    at wrapModuleLoad (node:internal/modules/cjs/loader:220:24)
    at Module.require (node:internal/modules/cjs/loader:1311:12)
    at require (node:internal/modules/helpers:136:16)
    at Object.<anonymous> (C:\Users\Sony\Desktop\CisuBOT\index.js:33:19)
[2025-04-20T06:34:58.669Z] ReferenceError: Cannot access 'Discord' before initialization
    at Object.<anonymous> (C:\Users\Sony\Desktop\CisuBOT\events\ready.js:1:16)
    at Module._compile (node:internal/modules/cjs/loader:1554:14)
    at Object..js (node:internal/modules/cjs/loader:1706:10)
    at Module.load (node:internal/modules/cjs/loader:1289:32)
    at Function._load (node:internal/modules/cjs/loader:1108:12)
    at TracingChannel.traceSync (node:diagnostics_channel:322:14)
    at wrapModuleLoad (node:internal/modules/cjs/loader:220:24)
    at Module.require (node:internal/modules/cjs/loader:1311:12)
    at require (node:internal/modules/helpers:136:16)
    at Object.<anonymous> (C:\Users\Sony\Desktop\CisuBOT\index.js:33:19)
[2025-04-20T06:35:11.535Z] TypeError [ClientMissingIntents]: Valid intents must be provided for the Client.
    at Client._validateOptions (C:\Users\Sony\Desktop\CisuBOT\node_modules\discord.js\src\client\Client.js:529:13)
    at new Client (C:\Users\Sony\Desktop\CisuBOT\node_modules\discord.js\src\client\Client.js:80:10)
    at Object.<anonymous> (C:\Users\Sony\Desktop\CisuBOT\events\ready.js:2:16)
    at Module._compile (node:internal/modules/cjs/loader:1554:14)
    at Object..js (node:internal/modules/cjs/loader:1706:10)
    at Module.load (node:internal/modules/cjs/loader:1289:32)
    at Function._load (node:internal/modules/cjs/loader:1108:12)
    at TracingChannel.traceSync (node:diagnostics_channel:322:14)
    at wrapModuleLoad (node:internal/modules/cjs/loader:220:24)
    at Module.require (node:internal/modules/cjs/loader:1311:12)
[2025-04-20T16:58:37.163Z] TypeError [ClientMissingIntents]: Valid intents must be provided for the Client.
    at Client._validateOptions (C:\Users\Sony\Desktop\CisuBOT\node_modules\discord.js\src\client\Client.js:529:13)
    at new Client (C:\Users\Sony\Desktop\CisuBOT\node_modules\discord.js\src\client\Client.js:80:10)
    at Object.<anonymous> (C:\Users\Sony\Desktop\CisuBOT\events\ready.js:2:16)
    at Module._compile (node:internal/modules/cjs/loader:1554:14)
    at Object..js (node:internal/modules/cjs/loader:1706:10)
    at Module.load (node:internal/modules/cjs/loader:1289:32)
    at Function._load (node:internal/modules/cjs/loader:1108:12)
    at TracingChannel.traceSync (node:diagnostics_channel:322:14)
    at wrapModuleLoad (node:internal/modules/cjs/loader:220:24)
    at Module.require (node:internal/modules/cjs/loader:1311:12)
